<?xml version="1.0" encoding="UTF-8"?>
<testsuite xmlns:xsi="http://www.w3.org/2001/XMLSchema-instance" xsi:noNamespaceSchemaLocation="https://maven.apache.org/surefire/maven-surefire-plugin/xsd/surefire-test-report-3.0.xsd" version="3.0" name="io.helidon.examples.quickstart.se.MainTest" time="2.118" tests="1" errors="0" skipped="0" failures="0">
  <properties>
    <property name="java.specification.version" value="15"/>
    <property name="sun.cpu.isalist" value="amd64"/>
    <property name="sun.jnu.encoding" value="Cp1252"/>
    <property name="java.class.path" value="C:\Brati\Work\helidon\SE\helidon-quickstart-se\target\test-classes;C:\Brati\Work\helidon\SE\helidon-quickstart-se\target\classes;C:\Users\BratiGhosh\.m2\repository\io\helidon\webserver\helidon-webserver\2.2.0\helidon-webserver-2.2.0.jar;C:\Users\BratiGhosh\.m2\repository\io\helidon\common\helidon-common-reactive\2.2.0\helidon-common-reactive-2.2.0.jar;C:\Users\BratiGhosh\.m2\repository\io\helidon\common\helidon-common-mapper\2.2.0\helidon-common-mapper-2.2.0.jar;C:\Users\BratiGhosh\.m2\repository\io\helidon\common\helidon-common\2.2.0\helidon-common-2.2.0.jar;C:\Users\BratiGhosh\.m2\repository\io\helidon\common\helidon-common-http\2.2.0\helidon-common-http-2.2.0.jar;C:\Users\BratiGhosh\.m2\repository\io\helidon\media\helidon-media-common\2.2.0\helidon-media-common-2.2.0.jar;C:\Users\BratiGhosh\.m2\repository\io\helidon\config\helidon-config\2.2.0\helidon-config-2.2.0.jar;C:\Users\BratiGhosh\.m2\repository\io\helidon\common\helidon-common-media-type\2.2.0\helidon-common-media-type-2.2.0.jar;C:\Users\BratiGhosh\.m2\repository\io\helidon\common\helidon-common-key-util\2.2.0\helidon-common-key-util-2.2.0.jar;C:\Users\BratiGhosh\.m2\repository\io\helidon\common\helidon-common-configurable\2.2.0\helidon-common-configurable-2.2.0.jar;C:\Users\BratiGhosh\.m2\repository\io\opentracing\opentracing-util\0.33.0\opentracing-util-0.33.0.jar;C:\Users\BratiGhosh\.m2\repository\io\opentracing\opentracing-api\0.33.0\opentracing-api-0.33.0.jar;C:\Users\BratiGhosh\.m2\repository\io\opentracing\opentracing-noop\0.33.0\opentracing-noop-0.33.0.jar;C:\Users\BratiGhosh\.m2\repository\io\helidon\tracing\helidon-tracing-config\2.2.0\helidon-tracing-config-2.2.0.jar;C:\Users\BratiGhosh\.m2\repository\io\netty\netty-codec-http\4.1.51.Final\netty-codec-http-4.1.51.Final.jar;C:\Users\BratiGhosh\.m2\repository\io\netty\netty-common\4.1.51.Final\netty-common-4.1.51.Final.jar;C:\Users\BratiGhosh\.m2\repository\io\netty\netty-transport\4.1.51.Final\netty-transport-4.1.51.Final.jar;C:\Users\BratiGhosh\.m2\repository\io\netty\netty-codec\4.1.51.Final\netty-codec-4.1.51.Final.jar;C:\Users\BratiGhosh\.m2\repository\io\netty\netty-codec-http2\4.1.51.Final\netty-codec-http2-4.1.51.Final.jar;C:\Users\BratiGhosh\.m2\repository\io\netty\netty-handler\4.1.51.Final\netty-handler-4.1.51.Final.jar;C:\Users\BratiGhosh\.m2\repository\io\netty\netty-resolver\4.1.51.Final\netty-resolver-4.1.51.Final.jar;C:\Users\BratiGhosh\.m2\repository\io\helidon\media\helidon-media-jsonp\2.2.0\helidon-media-jsonp-2.2.0.jar;C:\Users\BratiGhosh\.m2\repository\org\glassfish\jakarta.json\1.1.6\jakarta.json-1.1.6.jar;C:\Users\BratiGhosh\.m2\repository\io\helidon\media\helidon-media-jsonb\2.2.0\helidon-media-jsonb-2.2.0.jar;C:\Users\BratiGhosh\.m2\repository\org\eclipse\yasson\1.0.8\yasson-1.0.8.jar;C:\Users\BratiGhosh\.m2\repository\jakarta\json\bind\jakarta.json.bind-api\1.0.2\jakarta.json.bind-api-1.0.2.jar;C:\Users\BratiGhosh\.m2\repository\org\glassfish\jakarta.json\1.1.6\jakarta.json-1.1.6-module.jar;C:\Users\BratiGhosh\.m2\repository\io\helidon\webserver\helidon-webserver-cors\2.2.0\helidon-webserver-cors-2.2.0.jar;C:\Users\BratiGhosh\.m2\repository\io\helidon\config\helidon-config-yaml\2.2.0\helidon-config-yaml-2.2.0.jar;C:\Users\BratiGhosh\.m2\repository\org\yaml\snakeyaml\1.27\snakeyaml-1.27.jar;C:\Users\BratiGhosh\.m2\repository\jakarta\annotation\jakarta.annotation-api\1.3.5\jakarta.annotation-api-1.3.5.jar;C:\Users\BratiGhosh\.m2\repository\io\helidon\health\helidon-health\2.2.0\helidon-health-2.2.0.jar;C:\Users\BratiGhosh\.m2\repository\io\helidon\fault-tolerance\helidon-fault-tolerance\2.2.0\helidon-fault-tolerance-2.2.0.jar;C:\Users\BratiGhosh\.m2\repository\org\eclipse\microprofile\health\microprofile-health-api\2.2\microprofile-health-api-2.2.jar;C:\Users\BratiGhosh\.m2\repository\io\helidon\health\helidon-health-checks\2.2.0\helidon-health-checks-2.2.0.jar;C:\Users\BratiGhosh\.m2\repository\io\helidon\health\helidon-health-common\2.2.0\helidon-health-common-2.2.0.jar;C:\Users\BratiGhosh\.m2\repository\io\helidon\metrics\helidon-metrics\2.2.0\helidon-metrics-2.2.0.jar;C:\Users\BratiGhosh\.m2\repository\io\helidon\config\helidon-config-mp\2.2.0\helidon-config-mp-2.2.0.jar;C:\Users\BratiGhosh\.m2\repository\io\helidon\common\helidon-common-service-loader\2.2.0\helidon-common-service-loader-2.2.0.jar;C:\Users\BratiGhosh\.m2\repository\org\eclipse\microprofile\config\microprofile-config-api\1.4\microprofile-config-api-1.4.jar;C:\Users\BratiGhosh\.m2\repository\org\eclipse\microprofile\metrics\microprofile-metrics-api\2.3.2\microprofile-metrics-api-2.3.2.jar;C:\Users\BratiGhosh\.m2\repository\org\junit\jupiter\junit-jupiter-api\5.6.2\junit-jupiter-api-5.6.2.jar;C:\Users\BratiGhosh\.m2\repository\org\apiguardian\apiguardian-api\1.1.0\apiguardian-api-1.1.0.jar;C:\Users\BratiGhosh\.m2\repository\org\opentest4j\opentest4j\1.2.0\opentest4j-1.2.0.jar;C:\Users\BratiGhosh\.m2\repository\org\junit\platform\junit-platform-commons\1.6.2\junit-platform-commons-1.6.2.jar;C:\Users\BratiGhosh\.m2\repository\io\helidon\webclient\helidon-webclient\2.2.0\helidon-webclient-2.2.0.jar;C:\Users\BratiGhosh\.m2\repository\io\helidon\common\helidon-common-context\2.2.0\helidon-common-context-2.2.0.jar;C:\Users\BratiGhosh\.m2\repository\io\netty\netty-buffer\4.1.51.Final\netty-buffer-4.1.51.Final.jar;C:\Users\BratiGhosh\.m2\repository\io\netty\netty-handler-proxy\4.1.51.Final\netty-handler-proxy-4.1.51.Final.jar;C:\Users\BratiGhosh\.m2\repository\io\netty\netty-codec-socks\4.1.51.Final\netty-codec-socks-4.1.51.Final.jar;C:\Users\BratiGhosh\.m2\repository\javax\json\bind\javax.json.bind-api\1.0\javax.json.bind-api-1.0.jar;C:\Users\BratiGhosh\.m2\repository\com\google\code\gson\gson\2.8.5\gson-2.8.5.jar;C:\Users\BratiGhosh\.m2\repository\org\fluentd\fluent-logger\0.3.4\fluent-logger-0.3.4.jar;C:\Users\BratiGhosh\.m2\repository\org\msgpack\msgpack\0.6.8\msgpack-0.6.8.jar;C:\Users\BratiGhosh\.m2\repository\com\googlecode\json-simple\json-simple\1.1.1\json-simple-1.1.1.jar;C:\Users\BratiGhosh\.m2\repository\org\javassist\javassist\3.16.1-GA\javassist-3.16.1-GA.jar;C:\Users\BratiGhosh\.m2\repository\org\slf4j\slf4j-api\1.7.30\slf4j-api-1.7.30.jar;"/>
    <property name="java.vm.vendor" value="Oracle Corporation"/>
    <property name="sun.arch.data.model" value="64"/>
    <property name="user.variant" value=""/>
    <property name="java.vendor.url" value="https://java.oracle.com/"/>
    <property name="user.timezone" value="Asia/Calcutta"/>
    <property name="os.name" value="Windows 10"/>
    <property name="java.vm.specification.version" value="15"/>
    <property name="sun.java.launcher" value="SUN_STANDARD"/>
    <property name="user.country" value="IN"/>
    <property name="sun.boot.library.path" value="C:\Program Files\Java\jdk-15.0.1\bin"/>
    <property name="sun.java.command" value="C:\Users\BratiGhosh\AppData\Local\Temp\surefire3551532912361040864\surefirebooter7871494975639823197.jar C:\Users\BratiGhosh\AppData\Local\Temp\surefire3551532912361040864 2021-03-24T20-57-03_394-jvmRun1 surefire3814685071699825247tmp surefire_012110800949487981621tmp"/>
    <property name="jdk.debug" value="release"/>
    <property name="surefire.test.class.path" value="C:\Brati\Work\helidon\SE\helidon-quickstart-se\target\test-classes;C:\Brati\Work\helidon\SE\helidon-quickstart-se\target\classes;C:\Users\BratiGhosh\.m2\repository\io\helidon\webserver\helidon-webserver\2.2.0\helidon-webserver-2.2.0.jar;C:\Users\BratiGhosh\.m2\repository\io\helidon\common\helidon-common-reactive\2.2.0\helidon-common-reactive-2.2.0.jar;C:\Users\BratiGhosh\.m2\repository\io\helidon\common\helidon-common-mapper\2.2.0\helidon-common-mapper-2.2.0.jar;C:\Users\BratiGhosh\.m2\repository\io\helidon\common\helidon-common\2.2.0\helidon-common-2.2.0.jar;C:\Users\BratiGhosh\.m2\repository\io\helidon\common\helidon-common-http\2.2.0\helidon-common-http-2.2.0.jar;C:\Users\BratiGhosh\.m2\repository\io\helidon\media\helidon-media-common\2.2.0\helidon-media-common-2.2.0.jar;C:\Users\BratiGhosh\.m2\repository\io\helidon\config\helidon-config\2.2.0\helidon-config-2.2.0.jar;C:\Users\BratiGhosh\.m2\repository\io\helidon\common\helidon-common-media-type\2.2.0\helidon-common-media-type-2.2.0.jar;C:\Users\BratiGhosh\.m2\repository\io\helidon\common\helidon-common-key-util\2.2.0\helidon-common-key-util-2.2.0.jar;C:\Users\BratiGhosh\.m2\repository\io\helidon\common\helidon-common-configurable\2.2.0\helidon-common-configurable-2.2.0.jar;C:\Users\BratiGhosh\.m2\repository\io\opentracing\opentracing-util\0.33.0\opentracing-util-0.33.0.jar;C:\Users\BratiGhosh\.m2\repository\io\opentracing\opentracing-api\0.33.0\opentracing-api-0.33.0.jar;C:\Users\BratiGhosh\.m2\repository\io\opentracing\opentracing-noop\0.33.0\opentracing-noop-0.33.0.jar;C:\Users\BratiGhosh\.m2\repository\io\helidon\tracing\helidon-tracing-config\2.2.0\helidon-tracing-config-2.2.0.jar;C:\Users\BratiGhosh\.m2\repository\io\netty\netty-codec-http\4.1.51.Final\netty-codec-http-4.1.51.Final.jar;C:\Users\BratiGhosh\.m2\repository\io\netty\netty-common\4.1.51.Final\netty-common-4.1.51.Final.jar;C:\Users\BratiGhosh\.m2\repository\io\netty\netty-transport\4.1.51.Final\netty-transport-4.1.51.Final.jar;C:\Users\BratiGhosh\.m2\repository\io\netty\netty-codec\4.1.51.Final\netty-codec-4.1.51.Final.jar;C:\Users\BratiGhosh\.m2\repository\io\netty\netty-codec-http2\4.1.51.Final\netty-codec-http2-4.1.51.Final.jar;C:\Users\BratiGhosh\.m2\repository\io\netty\netty-handler\4.1.51.Final\netty-handler-4.1.51.Final.jar;C:\Users\BratiGhosh\.m2\repository\io\netty\netty-resolver\4.1.51.Final\netty-resolver-4.1.51.Final.jar;C:\Users\BratiGhosh\.m2\repository\io\helidon\media\helidon-media-jsonp\2.2.0\helidon-media-jsonp-2.2.0.jar;C:\Users\BratiGhosh\.m2\repository\org\glassfish\jakarta.json\1.1.6\jakarta.json-1.1.6.jar;C:\Users\BratiGhosh\.m2\repository\io\helidon\media\helidon-media-jsonb\2.2.0\helidon-media-jsonb-2.2.0.jar;C:\Users\BratiGhosh\.m2\repository\org\eclipse\yasson\1.0.8\yasson-1.0.8.jar;C:\Users\BratiGhosh\.m2\repository\jakarta\json\bind\jakarta.json.bind-api\1.0.2\jakarta.json.bind-api-1.0.2.jar;C:\Users\BratiGhosh\.m2\repository\org\glassfish\jakarta.json\1.1.6\jakarta.json-1.1.6-module.jar;C:\Users\BratiGhosh\.m2\repository\io\helidon\webserver\helidon-webserver-cors\2.2.0\helidon-webserver-cors-2.2.0.jar;C:\Users\BratiGhosh\.m2\repository\io\helidon\config\helidon-config-yaml\2.2.0\helidon-config-yaml-2.2.0.jar;C:\Users\BratiGhosh\.m2\repository\org\yaml\snakeyaml\1.27\snakeyaml-1.27.jar;C:\Users\BratiGhosh\.m2\repository\jakarta\annotation\jakarta.annotation-api\1.3.5\jakarta.annotation-api-1.3.5.jar;C:\Users\BratiGhosh\.m2\repository\io\helidon\health\helidon-health\2.2.0\helidon-health-2.2.0.jar;C:\Users\BratiGhosh\.m2\repository\io\helidon\fault-tolerance\helidon-fault-tolerance\2.2.0\helidon-fault-tolerance-2.2.0.jar;C:\Users\BratiGhosh\.m2\repository\org\eclipse\microprofile\health\microprofile-health-api\2.2\microprofile-health-api-2.2.jar;C:\Users\BratiGhosh\.m2\repository\io\helidon\health\helidon-health-checks\2.2.0\helidon-health-checks-2.2.0.jar;C:\Users\BratiGhosh\.m2\repository\io\helidon\health\helidon-health-common\2.2.0\helidon-health-common-2.2.0.jar;C:\Users\BratiGhosh\.m2\repository\io\helidon\metrics\helidon-metrics\2.2.0\helidon-metrics-2.2.0.jar;C:\Users\BratiGhosh\.m2\repository\io\helidon\config\helidon-config-mp\2.2.0\helidon-config-mp-2.2.0.jar;C:\Users\BratiGhosh\.m2\repository\io\helidon\common\helidon-common-service-loader\2.2.0\helidon-common-service-loader-2.2.0.jar;C:\Users\BratiGhosh\.m2\repository\org\eclipse\microprofile\config\microprofile-config-api\1.4\microprofile-config-api-1.4.jar;C:\Users\BratiGhosh\.m2\repository\org\eclipse\microprofile\metrics\microprofile-metrics-api\2.3.2\microprofile-metrics-api-2.3.2.jar;C:\Users\BratiGhosh\.m2\repository\org\junit\jupiter\junit-jupiter-api\5.6.2\junit-jupiter-api-5.6.2.jar;C:\Users\BratiGhosh\.m2\repository\org\apiguardian\apiguardian-api\1.1.0\apiguardian-api-1.1.0.jar;C:\Users\BratiGhosh\.m2\repository\org\opentest4j\opentest4j\1.2.0\opentest4j-1.2.0.jar;C:\Users\BratiGhosh\.m2\repository\org\junit\platform\junit-platform-commons\1.6.2\junit-platform-commons-1.6.2.jar;C:\Users\BratiGhosh\.m2\repository\io\helidon\webclient\helidon-webclient\2.2.0\helidon-webclient-2.2.0.jar;C:\Users\BratiGhosh\.m2\repository\io\helidon\common\helidon-common-context\2.2.0\helidon-common-context-2.2.0.jar;C:\Users\BratiGhosh\.m2\repository\io\netty\netty-buffer\4.1.51.Final\netty-buffer-4.1.51.Final.jar;C:\Users\BratiGhosh\.m2\repository\io\netty\netty-handler-proxy\4.1.51.Final\netty-handler-proxy-4.1.51.Final.jar;C:\Users\BratiGhosh\.m2\repository\io\netty\netty-codec-socks\4.1.51.Final\netty-codec-socks-4.1.51.Final.jar;C:\Users\BratiGhosh\.m2\repository\javax\json\bind\javax.json.bind-api\1.0\javax.json.bind-api-1.0.jar;C:\Users\BratiGhosh\.m2\repository\com\google\code\gson\gson\2.8.5\gson-2.8.5.jar;C:\Users\BratiGhosh\.m2\repository\org\fluentd\fluent-logger\0.3.4\fluent-logger-0.3.4.jar;C:\Users\BratiGhosh\.m2\repository\org\msgpack\msgpack\0.6.8\msgpack-0.6.8.jar;C:\Users\BratiGhosh\.m2\repository\com\googlecode\json-simple\json-simple\1.1.1\json-simple-1.1.1.jar;C:\Users\BratiGhosh\.m2\repository\org\javassist\javassist\3.16.1-GA\javassist-3.16.1-GA.jar;C:\Users\BratiGhosh\.m2\repository\org\slf4j\slf4j-api\1.7.30\slf4j-api-1.7.30.jar;"/>
    <property name="sun.cpu.endian" value="little"/>
    <property name="user.home" value="C:\Users\BratiGhosh"/>
    <property name="user.language" value="en"/>
    <property name="java.specification.vendor" value="Oracle Corporation"/>
    <property name="java.version.date" value="2020-10-20"/>
    <property name="java.home" value="C:\Program Files\Java\jdk-15.0.1"/>
    <property name="file.separator" value="\"/>
    <property name="basedir" value="C:\Brati\Work\helidon\SE\helidon-quickstart-se"/>
    <property name="java.vm.compressedOopsMode" value="32-bit"/>
    <property name="line.separator" value="&#10;"/>
    <property name="java.vm.specification.vendor" value="Oracle Corporation"/>
    <property name="java.specification.name" value="Java Platform API Specification"/>
    <property name="surefire.real.class.path" value="C:\Users\BratiGhosh\AppData\Local\Temp\surefire3551532912361040864\surefirebooter7871494975639823197.jar"/>
    <property name="user.script" value=""/>
    <property name="java.util.logging.config.file" value="C:\Brati\Work\helidon\SE\helidon-quickstart-se\target\classes/logging.properties"/>
    <property name="sun.management.compiler" value="HotSpot 64-Bit Tiered Compilers"/>
    <property name="java.runtime.version" value="15.0.1+9-18"/>
    <property name="user.name" value="BratiGhosh"/>
    <property name="path.separator" value=";"/>
    <property name="os.version" value="10.0"/>
    <property name="java.runtime.name" value="Java(TM) SE Runtime Environment"/>
    <property name="file.encoding" value="Cp1252"/>
    <property name="sun.nio.ch.bugLevel" value=""/>
    <property name="java.vm.name" value="Java HotSpot(TM) 64-Bit Server VM"/>
    <property name="localRepository" value="C:\Users\BratiGhosh\.m2\repository"/>
    <property name="java.vendor.url.bug" value="https://bugreport.java.com/bugreport/"/>
    <property name="java.io.tmpdir" value="C:\Users\BRATIG~1\AppData\Local\Temp\"/>
    <property name="java.version" value="15.0.1"/>
    <property name="user.dir" value="C:\Brati\Work\helidon\SE\helidon-quickstart-se"/>
    <property name="os.arch" value="amd64"/>
    <property name="java.vm.specification.name" value="Java Virtual Machine Specification"/>
    <property name="sun.os.patch.level" value=""/>
    <property name="java.library.path" value="C:\Program Files\Java\jdk-15.0.1\bin;C:\WINDOWS\Sun\Java\bin;C:\WINDOWS\system32;C:\WINDOWS;C:\Program Files\Common Files\Oracle\Java\javapath;C:\oraclexe\app\oracle\product\11.2.0\server\bin;C:\Program Files (x86)\Common Files\Oracle\Java\javapath;C:\ProgramData\Oracle\Java\javapath;C:\windows\system32;C:\windows;C:\windows\System32\Wbem;C:\windows\System32\WindowsPowerShell\v1.0\;C:\windows\System32\OpenSSH\;C:\Program Files\Git\cmd;C:\Program Files\kubectl;C:\Program Files\helm\windows-amd64;C:\Program Files (x86)\IBM\Cloud\bin;C:\WINDOWS\system32;C:\WINDOWS;C:\WINDOWS\System32\Wbem;C:\WINDOWS\System32\WindowsPowerShell\v1.0\;C:\WINDOWS\System32\OpenSSH\;%JAVA_HOME%\bin;C:\Brati\Software\Software\apache-maven-3.6.0\bin;C:\Program Files\Intel\WiFi\bin\;C:\Program Files\Common Files\Intel\WirelessCommon\;C:\Google\CloudSDK\google-cloud-sdk\bin;C:\Program Files\nodejs6\;C:\ProgramData\chocolatey\bin;C:\GoogleSDK\google-cloud-sdk\bin;;C:\Program Files (x86)\Intel\Intel(R) Management Engine Components\DAL;C:\Program Files\Intel\Intel(R) Management Engine Components\DAL;C:\Program Files\Docker\Docker\resources\bin;C:\ProgramData\DockerDesktop\version-bin;C:\Program Files\PuTTYGen\;C:\Users\BratiGhosh\bin;C:\Users\BratiGhosh\AppData\Local\Programs\Python\Python37\Scripts\;C:\Users\BratiGhosh\AppData\Local\Programs\Python\Python37\;C:\Users\BratiGhosh\AppData\Local\Microsoft\WindowsApps;C:\Program Files\Java\jdk-15.0.1\bin;C:\Users\BratiGhosh\AppData\Local\Google\Cloud SDK\google-cloud-sdk\bin;C:\Brati\Software\Software\zookeeper-3.4.13\bin;C:\Program Files\Intel\WiFi\bin\;C:\Program Files\Common Files\Intel\WirelessCommon\;C:\minishift-1.34.1-windows-amd64\;C:\java\jdk1_8\bin;C:\Users\BratiGhosh\AppData\Roaming\npm;C:\openshift;C:\Users\BratiGhosh\AppData\Local\Microsoft\WindowsApps;C:\Brati\Software\apache-maven-3.6.3\apache-maven-3.6.3\bin;C:\Users\BratiGhosh\AppData\Local\GitHubDesktop\bin;C:\Users\BratiGhosh\AppData\Local\atom\bin;C:\Users\BratiGhosh\AppData\Local\Programs\Microsoft VS Code\bin;."/>
    <property name="java.vm.info" value="mixed mode, sharing"/>
    <property name="java.vendor" value="Oracle Corporation"/>
    <property name="java.vm.version" value="15.0.1+9-18"/>
    <property name="sun.io.unicode.encoding" value="UnicodeLittle"/>
    <property name="java.class.version" value="59.0"/>
  </properties>
  <testcase name="testHelloWorld" classname="io.helidon.examples.quickstart.se.MainTest" time="0.489">
    <system-out><![CDATA[2021.03.24 20:57:05 INFO io.helidon.common.LogConfig Thread[main,5,main]: Logging at initialization configured using C:\Brati\Work\helidon\SE\helidon-quickstart-se\target\classes\logging.properties
2021.03.24 20:57:06 INFO io.helidon.common.HelidonFeatures Thread[features-thread,5,main]: Helidon SE 2.2.0 features: [Config, Health, Metrics, Web Client, WebServer]
2021.03.24 20:57:06 INFO io.helidon.common.HelidonFeatures.experimental Thread[features-thread,5,main]: You are using experimental features. These APIs may change, please follow changelog!
2021.03.24 20:57:06 INFO io.helidon.common.HelidonFeatures.experimental Thread[features-thread,5,main]: 	Experimental feature: Web Client (WebClient)
2021.03.24 20:57:07 INFO io.helidon.webserver.NettyWebServer Thread[nioEventLoopGroup-2-1,10,main]: Channel '@default' started: [id: 0x8c4ed9da, L:/[0:0:0:0:0:0:0:0]:9080]
WEB server is up! http://localhost:9080/item-reservation
]]></system-out>
    <system-err><![CDATA[SLF4J: Failed to load class "org.slf4j.impl.StaticLoggerBinder".
SLF4J: Defaulting to no-operation (NOP) logger implementation
SLF4J: See http://www.slf4j.org/codes.html#StaticLoggerBinder for further details.
]]></system-err>
  </testcase>
</testsuite>